<?xml version="1.0" encoding="UTF-8"?>
<!-- Generated by org.testng.reporters.JUnitXMLReporter -->
<testsuite ignored="0" hostname="DESKTOP-8FBCEN1" failures="0" tests="2" name="Surefire test" time="16.122" errors="0" timestamp="25 lis 2018 16:47:48 GMT">
  <testcase classname="tests.FailedLoginTests" name="asUserTryToLogInWithIncorrectLoginAndPassword" time="1.845"/>
  <testcase classname="tests.PossitiveLoginTest" name="asUserLoginUsingValidLoginAndPassword" time="1.59"/>
</testsuite> <!-- Surefire test -->
