<?xml version="1.0" encoding="UTF-8"?>
<testng-results ignored="0" total="2" passed="2" failed="0" skipped="0">
  <reporter-output>
  </reporter-output>
  <suite started-at="2018-11-25T16:47:32Z" name="Surefire suite" finished-at="2018-11-25T16:47:48Z" duration-ms="16122">
    <groups>
    </groups>
    <test started-at="2018-11-25T16:47:32Z" name="Surefire test" finished-at="2018-11-25T16:47:48Z" duration-ms="16122">
      <class name="tests.PossitiveLoginTest">
        <test-method is-config="true" signature="beforeTest()[pri:0, instance:tests.PossitiveLoginTest@1d2adfbe]" started-at="2018-11-25T16:47:40Z" name="beforeTest" finished-at="2018-11-25T16:47:45Z" duration-ms="5488" status="PASS">
          <reporter-output>
          </reporter-output>
        </test-method> <!-- beforeTest -->
        <test-method signature="asUserLoginUsingValidLoginAndPassword()[pri:0, instance:tests.PossitiveLoginTest@1d2adfbe]" started-at="2018-11-25T16:47:45Z" name="asUserLoginUsingValidLoginAndPassword" finished-at="2018-11-25T16:47:47Z" duration-ms="1590" status="PASS">
          <reporter-output>
          </reporter-output>
        </test-method> <!-- asUserLoginUsingValidLoginAndPassword -->
        <test-method is-config="true" signature="afterTest()[pri:0, instance:tests.PossitiveLoginTest@1d2adfbe]" started-at="2018-11-25T16:47:47Z" name="afterTest" finished-at="2018-11-25T16:47:48Z" duration-ms="770" status="PASS">
          <reporter-output>
          </reporter-output>
        </test-method> <!-- afterTest -->
      </class> <!-- tests.PossitiveLoginTest -->
      <class name="tests.FailedLoginTests">
        <test-method is-config="true" signature="beforeTest()[pri:0, instance:tests.FailedLoginTests@49ec71f8]" started-at="2018-11-25T16:47:32Z" name="beforeTest" finished-at="2018-11-25T16:47:37Z" duration-ms="5606" status="PASS">
          <reporter-output>
          </reporter-output>
        </test-method> <!-- beforeTest -->
        <test-method signature="asUserTryToLogInWithIncorrectLoginAndPassword()[pri:0, instance:tests.FailedLoginTests@49ec71f8]" started-at="2018-11-25T16:47:37Z" name="asUserTryToLogInWithIncorrectLoginAndPassword" finished-at="2018-11-25T16:47:39Z" duration-ms="1845" status="PASS">
          <reporter-output>
          </reporter-output>
        </test-method> <!-- asUserTryToLogInWithIncorrectLoginAndPassword -->
        <test-method is-config="true" signature="afterTest()[pri:0, instance:tests.FailedLoginTests@49ec71f8]" started-at="2018-11-25T16:47:39Z" name="afterTest" finished-at="2018-11-25T16:47:40Z" duration-ms="794" status="PASS">
          <reporter-output>
          </reporter-output>
        </test-method> <!-- afterTest -->
      </class> <!-- tests.FailedLoginTests -->
    </test> <!-- Surefire test -->
  </suite> <!-- Surefire suite -->
</testng-results>
